<?xml version="1.0" encoding="UTF-8"?>
<testng-results total="1" passed="1" failed="0" skipped="0">
  <reporter-output>
  </reporter-output>
  <suite started-at="2021-04-02T18:33:17Z" name="Default suite" finished-at="2021-04-02T18:33:27Z" duration-ms="10149">
    <groups>
    </groups>
    <test started-at="2021-04-02T18:33:17Z" name="Default test" finished-at="2021-04-02T18:33:27Z" duration-ms="10149">
      <class name="Academy.HomePage">
        <test-method is-config="true" signature="initialize()[pri:0, instance:Academy.HomePage@47987356]" started-at="2021-04-02T14:33:17Z" name="initialize" finished-at="2021-04-02T14:33:23Z" duration-ms="5900" status="PASS">
          <reporter-output>
          </reporter-output>
        </test-method> <!-- initialize -->
        <test-method signature="validateAppnavbar()[pri:0, instance:Academy.HomePage@47987356]" started-at="2021-04-02T14:33:23Z" name="validateAppnavbar" finished-at="2021-04-02T14:33:23Z" duration-ms="65" status="PASS">
          <reporter-output>
          </reporter-output>
        </test-method> <!-- validateAppnavbar -->
        <test-method is-config="true" signature="teardown()[pri:0, instance:Academy.HomePage@47987356]" started-at="2021-04-02T14:33:23Z" name="teardown" finished-at="2021-04-02T14:33:27Z" duration-ms="4175" status="PASS">
          <reporter-output>
          </reporter-output>
        </test-method> <!-- teardown -->
      </class> <!-- Academy.HomePage -->
    </test> <!-- Default test -->
  </suite> <!-- Default suite -->
</testng-results>
